2025<->08<->22 18/12/07 [main] INFO  Starting ProyectoSpringToolApplication using Java 21.0.7 with PID 30841 (/home/rusok/Documentos/workspace-spring-tool-suite-4-4.29.1.RELEASE/20250728/target/classes started by rusok in /home/rusok/Documentos/workspace-spring-tool-suite-4-4.29.1.RELEASE/20250728)
2025<->08<->22 18/12/07 [main] INFO  No active profile set, falling back to 1 default profile: "default"
2025<->08<->22 18/12/09 [main] INFO  Bootstrapping Spring Data JPA repositories in DEFAULT mode.
2025<->08<->22 18/12/09 [main] INFO  Finished Spring Data repository scanning in 89 ms. Found 1 JPA repository interface.
2025<->08<->22 18/12/10 [main] INFO  Tomcat initialized with port 7001 (https)
2025<->08<->22 18/12/10 [main] INFO  Starting service [Tomcat]
2025<->08<->22 18/12/10 [main] INFO  Starting Servlet engine: [Apache Tomcat/10.1.43]
2025<->08<->22 18/12/10 [main] INFO  Initializing Spring embedded WebApplicationContext
2025<->08<->22 18/12/10 [main] INFO  Root WebApplicationContext: initialization completed in 2904 ms
2025<->08<->22 18/12/11 [main] INFO  HikariPool-1 - Starting...
2025<->08<->22 18/12/11 [main] INFO  HikariPool-1 - Added connection org.postgresql.jdbc.PgConnection@49122853
2025<->08<->22 18/12/11 [main] INFO  HikariPool-1 - Start completed.
2025<->08<->22 18/12/11 [main] INFO  HHH000204: Processing PersistenceUnitInfo [name: default]
2025<->08<->22 18/12/12 [main] INFO  HHH000412: Hibernate ORM core version 6.6.22.Final
2025<->08<->22 18/12/12 [main] INFO  HHH000026: Second-level cache disabled
2025<->08<->22 18/12/12 [main] INFO  No LoadTimeWeaver setup: ignoring JPA class transformer
2025<->08<->22 18/12/12 [main] INFO  HHH10001005: Database info:
	Database JDBC URL [Connecting through datasource 'HikariDataSource (HikariPool-1)']
	Database driver: undefined/unknown
	Database version: 16.9
	Autocommit mode: undefined/unknown
	Isolation level: undefined/unknown
	Minimum pool size: undefined/unknown
	Maximum pool size: undefined/unknown
2025<->08<->22 18/12/13 [main] INFO  HHH000489: No JTA platform available (set 'hibernate.transaction.jta.platform' to enable JTA platform integration)
2025<->08<->22 18/12/13 [main] INFO  Initialized JPA EntityManagerFactory for persistence unit 'default'
2025<->08<->22 18/12/14 [main] WARN  spring.jpa.open-in-view is enabled by default. Therefore, database queries may be performed during view rendering. Explicitly configure spring.jpa.open-in-view to disable this warning
2025<->08<->22 18/12/14 [main] INFO  Exposing 4 endpoints beneath base path '/actuator'
2025<->08<->22 18/12/14 [main] INFO  Global AuthenticationManager configured with UserDetailsService bean with name inMemoryUserDetailsManager
2025<->08<->22 18/12/15 [main] INFO  Connector [https-jsse-nio-7001], TLS virtual host [_default_], certificate type [UNDEFINED] configured from keystore [/home/rusok/.keystore] using alias [wen] with trust store [null]
2025<->08<->22 18/12/15 [main] INFO  Tomcat started on port 7001 (https) with context path '/'
2025<->08<->22 18/12/15 [main] INFO  Started ProyectoSpringToolApplication in 8.489 seconds (process running for 10.049)
2025<->08<->22 18/12/17 [RMI TCP Connection(10)-127.0.0.1] INFO  Initializing Spring DispatcherServlet 'dispatcherServlet'
2025<->08<->22 18/12/17 [RMI TCP Connection(10)-127.0.0.1] INFO  Initializing Servlet 'dispatcherServlet'
2025<->08<->22 18/12/17 [RMI TCP Connection(10)-127.0.0.1] INFO  Completed initialization in 7 ms
2025<->08<->22 18/17/08 [https-jsse-nio-7001-exec-3] INFO  Usuario: null, host: 0:0:0:0:0:0:0:1 desde la direccion 0:0:0:0:0:0:0:1:50200 hacia la URI /api/v1/estudiantes/654321; el end-point final es: v1
2025<->08<->22 18/18/08 [https-jsse-nio-7001-exec-5] INFO  Usuario: null, host: 0:0:0:0:0:0:0:1 desde la direccion 0:0:0:0:0:0:0:1:50200 hacia la URI /api/v1/estudiantes/654321; el end-point final es: v1
2025<->08<->22 18/21/16 [https-jsse-nio-7001-exec-3] INFO  Usuario: null, host: 0:0:0:0:0:0:0:1 desde la direccion 0:0:0:0:0:0:0:1:41758 hacia la URI /api/v1/estudiantes/777; el end-point final es: v1
2025<->08<->22 18/31/16 [RMI TCP Connection(31)-127.0.0.1] INFO  Application shutdown requested.
2025<->08<->22 18/31/16 [RMI TCP Connection(31)-127.0.0.1] INFO  Commencing graceful shutdown. Waiting for active requests to complete
2025<->08<->22 18/31/16 [tomcat-shutdown] INFO  Graceful shutdown complete
2025<->08<->22 18/31/16 [RMI TCP Connection(31)-127.0.0.1] INFO  Closing JPA EntityManagerFactory for persistence unit 'default'
2025<->08<->22 18/31/16 [RMI TCP Connection(31)-127.0.0.1] INFO  HikariPool-1 - Shutdown initiated...
2025<->08<->22 18/31/16 [RMI TCP Connection(31)-127.0.0.1] INFO  HikariPool-1 - Shutdown completed.
2025<->08<->22 18/31/40 [main] INFO  Starting ProyectoSpringToolApplication using Java 21.0.7 with PID 32110 (/home/rusok/Documentos/workspace-spring-tool-suite-4-4.29.1.RELEASE/20250728/target/classes started by rusok in /home/rusok/Documentos/workspace-spring-tool-suite-4-4.29.1.RELEASE/20250728)
2025<->08<->22 18/31/40 [main] INFO  No active profile set, falling back to 1 default profile: "default"
2025<->08<->22 18/31/42 [main] INFO  Bootstrapping Spring Data JPA repositories in DEFAULT mode.
2025<->08<->22 18/31/42 [main] INFO  Finished Spring Data repository scanning in 64 ms. Found 1 JPA repository interface.
2025<->08<->22 18/31/43 [main] INFO  Tomcat initialized with port 7001 (https)
2025<->08<->22 18/31/43 [main] INFO  Starting service [Tomcat]
2025<->08<->22 18/31/43 [main] INFO  Starting Servlet engine: [Apache Tomcat/10.1.43]
2025<->08<->22 18/31/43 [main] INFO  Initializing Spring embedded WebApplicationContext
2025<->08<->22 18/31/43 [main] INFO  Root WebApplicationContext: initialization completed in 2745 ms
2025<->08<->22 18/31/44 [main] INFO  HikariPool-1 - Starting...
2025<->08<->22 18/31/45 [main] INFO  HikariPool-1 - Added connection org.postgresql.jdbc.PgConnection@29d3d0fb
2025<->08<->22 18/31/45 [main] INFO  HikariPool-1 - Start completed.
2025<->08<->22 18/31/45 [main] INFO  HHH000204: Processing PersistenceUnitInfo [name: default]
2025<->08<->22 18/31/45 [main] INFO  HHH000412: Hibernate ORM core version 6.6.22.Final
2025<->08<->22 18/31/45 [main] INFO  HHH000026: Second-level cache disabled
2025<->08<->22 18/31/45 [main] INFO  No LoadTimeWeaver setup: ignoring JPA class transformer
2025<->08<->22 18/31/46 [main] INFO  HHH10001005: Database info:
	Database JDBC URL [Connecting through datasource 'HikariDataSource (HikariPool-1)']
	Database driver: undefined/unknown
	Database version: 16.9
	Autocommit mode: undefined/unknown
	Isolation level: undefined/unknown
	Minimum pool size: undefined/unknown
	Maximum pool size: undefined/unknown
2025<->08<->22 18/31/47 [main] INFO  HHH000489: No JTA platform available (set 'hibernate.transaction.jta.platform' to enable JTA platform integration)
2025<->08<->22 18/31/47 [main] INFO  Initialized JPA EntityManagerFactory for persistence unit 'default'
2025<->08<->22 18/31/47 [main] WARN  spring.jpa.open-in-view is enabled by default. Therefore, database queries may be performed during view rendering. Explicitly configure spring.jpa.open-in-view to disable this warning
2025<->08<->22 18/31/48 [main] INFO  Exposing 4 endpoints beneath base path '/actuator'
2025<->08<->22 18/31/48 [main] INFO  Global AuthenticationManager configured with UserDetailsService bean with name inMemoryUserDetailsManager
2025<->08<->22 18/31/49 [main] INFO  Connector [https-jsse-nio-7001], TLS virtual host [_default_], certificate type [UNDEFINED] configured from keystore [/home/rusok/.keystore] using alias [wen] with trust store [null]
2025<->08<->22 18/31/49 [main] INFO  Tomcat started on port 7001 (https) with context path '/'
2025<->08<->22 18/31/49 [main] INFO  Started ProyectoSpringToolApplication in 8.813 seconds (process running for 10.151)
2025<->08<->22 18/31/49 [RMI TCP Connection(10)-127.0.0.1] INFO  Initializing Spring DispatcherServlet 'dispatcherServlet'
2025<->08<->22 18/31/49 [RMI TCP Connection(10)-127.0.0.1] INFO  Initializing Servlet 'dispatcherServlet'
2025<->08<->22 18/31/49 [RMI TCP Connection(10)-127.0.0.1] INFO  Completed initialization in 5 ms
2025<->08<->22 18/41/51 [RMI TCP Connection(21)-127.0.0.1] INFO  Application shutdown requested.
2025<->08<->22 18/41/51 [RMI TCP Connection(21)-127.0.0.1] INFO  Commencing graceful shutdown. Waiting for active requests to complete
2025<->08<->22 18/41/51 [tomcat-shutdown] INFO  Graceful shutdown complete
2025<->08<->22 18/41/51 [RMI TCP Connection(21)-127.0.0.1] INFO  Closing JPA EntityManagerFactory for persistence unit 'default'
2025<->08<->22 18/41/51 [RMI TCP Connection(21)-127.0.0.1] INFO  HikariPool-1 - Shutdown initiated...
2025<->08<->22 18/41/51 [RMI TCP Connection(21)-127.0.0.1] INFO  HikariPool-1 - Shutdown completed.
